{"/home/kauan/Área de Trabalho/DNC/4 MATERIA/Code/dnc-sales-dashboard-kauan/src/components/AvatarList.tsx": {"path":"/home/kauan/Área de Trabalho/DNC/4 MATERIA/Code/dnc-sales-dashboard-kauan/src/components/AvatarList.tsx","statementMap":{"0":{"start":{"line":1,"column":0},"end":{"line":1,"column":51}},"1":{"start":{"line":2,"column":0},"end":{"line":2,"column":43}},"2":{"start":{"line":3,"column":0},"end":{"line":3,"column":33}},"3":{"start":{"line":7,"column":2},"end":{"line":36,"column":null}},"4":{"start":{"line":10,"column":8},"end":{"line":32,"column":null}},"5":{"start":{"line":39,"column":0},"end":{"line":39,"column":null}}},"fnMap":{"0":{"name":"AvatarList","decl":{"start":{"line":6,"column":9},"end":{"line":6,"column":19}},"loc":{"start":{"line":6,"column":43},"end":{"line":37,"column":1}}},"1":{"name":"(anonymous_1)","decl":{"start":{"line":9,"column":26},"end":{"line":9,"column":27}},"loc":{"start":{"line":10,"column":8},"end":{"line":32,"column":null}}}},"branchMap":{},"s":{"0":1,"1":1,"2":1,"3":0,"4":0,"5":1},"f":{"0":0,"1":0},"b":{}}
,"/home/kauan/Área de Trabalho/DNC/4 MATERIA/Code/dnc-sales-dashboard-kauan/src/components/BannerImage.tsx": {"path":"/home/kauan/Área de Trabalho/DNC/4 MATERIA/Code/dnc-sales-dashboard-kauan/src/components/BannerImage.tsx","statementMap":{"0":{"start":{"line":1,"column":0},"end":{"line":1,"column":38}},"1":{"start":{"line":3,"column":13},"end":{"line":8,"column":null}}},"fnMap":{},"branchMap":{},"s":{"0":1,"1":1},"f":{},"b":{}}
,"/home/kauan/Área de Trabalho/DNC/4 MATERIA/Code/dnc-sales-dashboard-kauan/src/components/CardComponent.tsx": {"path":"/home/kauan/Área de Trabalho/DNC/4 MATERIA/Code/dnc-sales-dashboard-kauan/src/components/CardComponent.tsx","statementMap":{"0":{"start":{"line":1,"column":0},"end":{"line":1,"column":38}},"1":{"start":{"line":2,"column":0},"end":{"line":2,"column":33}},"2":{"start":{"line":4,"column":13},"end":{"line":31,"column":null}},"3":{"start":{"line":5,"column":33},"end":{"line":5,"column":60}},"4":{"start":{"line":6,"column":43},"end":{"line":6,"column":66}},"5":{"start":{"line":13,"column":35},"end":{"line":13,"column":57}},"6":{"start":{"line":14,"column":31},"end":{"line":14,"column":53}},"7":{"start":{"line":18,"column":35},"end":{"line":18,"column":59}},"8":{"start":{"line":19,"column":31},"end":{"line":19,"column":55}},"9":{"start":{"line":23,"column":35},"end":{"line":23,"column":59}},"10":{"start":{"line":24,"column":31},"end":{"line":24,"column":55}}},"fnMap":{"0":{"name":"(anonymous_1)","decl":{"start":{"line":5,"column":22},"end":{"line":5,"column":23}},"loc":{"start":{"line":5,"column":33},"end":{"line":5,"column":60}}},"1":{"name":"(anonymous_2)","decl":{"start":{"line":6,"column":32},"end":{"line":6,"column":33}},"loc":{"start":{"line":6,"column":43},"end":{"line":6,"column":66}}},"2":{"name":"(anonymous_3)","decl":{"start":{"line":13,"column":24},"end":{"line":13,"column":25}},"loc":{"start":{"line":13,"column":35},"end":{"line":13,"column":57}}},"3":{"name":"(anonymous_4)","decl":{"start":{"line":14,"column":20},"end":{"line":14,"column":21}},"loc":{"start":{"line":14,"column":31},"end":{"line":14,"column":53}}},"4":{"name":"(anonymous_5)","decl":{"start":{"line":18,"column":24},"end":{"line":18,"column":25}},"loc":{"start":{"line":18,"column":35},"end":{"line":18,"column":59}}},"5":{"name":"(anonymous_6)","decl":{"start":{"line":19,"column":20},"end":{"line":19,"column":21}},"loc":{"start":{"line":19,"column":31},"end":{"line":19,"column":55}}},"6":{"name":"(anonymous_7)","decl":{"start":{"line":23,"column":24},"end":{"line":23,"column":25}},"loc":{"start":{"line":23,"column":35},"end":{"line":23,"column":59}}},"7":{"name":"(anonymous_8)","decl":{"start":{"line":24,"column":20},"end":{"line":24,"column":21}},"loc":{"start":{"line":24,"column":31},"end":{"line":24,"column":55}}}},"branchMap":{},"s":{"0":1,"1":1,"2":1,"3":0,"4":0,"5":0,"6":0,"7":0,"8":0,"9":0,"10":0},"f":{"0":0,"1":0,"2":0,"3":0,"4":0,"5":0,"6":0,"7":0},"b":{}}
,"/home/kauan/Área de Trabalho/DNC/4 MATERIA/Code/dnc-sales-dashboard-kauan/src/components/CustomChart.tsx": {"path":"/home/kauan/Área de Trabalho/DNC/4 MATERIA/Code/dnc-sales-dashboard-kauan/src/components/CustomChart.tsx","statementMap":{"0":{"start":{"line":1,"column":0},"end":{"line":1,"column":44}},"1":{"start":{"line":2,"column":0},"end":{"line":2,"column":null}},"2":{"start":{"line":13,"column":0},"end":{"line":13,"column":38}},"3":{"start":{"line":14,"column":0},"end":{"line":14,"column":37}},"4":{"start":{"line":17,"column":0},"end":{"line":26,"column":null}},"5":{"start":{"line":29,"column":33},"end":{"line":29,"column":38}},"6":{"start":{"line":30,"column":16},"end":{"line":30,"column":26}},"7":{"start":{"line":31,"column":18},"end":{"line":63,"column":null}},"8":{"start":{"line":64,"column":20},"end":{"line":73,"column":null}},"9":{"start":{"line":74,"column":2},"end":{"line":78,"column":null}},"10":{"start":{"line":81,"column":0},"end":{"line":81,"column":null}}},"fnMap":{"0":{"name":"CustomChart","decl":{"start":{"line":28,"column":9},"end":{"line":28,"column":20}},"loc":{"start":{"line":28,"column":44},"end":{"line":79,"column":1}}}},"branchMap":{"0":{"loc":{"start":{"line":74,"column":9},"end":{"line":77,"column":null}},"type":"cond-expr","locations":[{"start":{"line":75,"column":4},"end":{"line":75,"column":46}},{"start":{"line":77,"column":4},"end":{"line":77,"column":47}}]}},"s":{"0":1,"1":1,"2":1,"3":1,"4":1,"5":0,"6":0,"7":0,"8":0,"9":0,"10":1},"f":{"0":0},"b":{"0":[0,0]}}
,"/home/kauan/Área de Trabalho/DNC/4 MATERIA/Code/dnc-sales-dashboard-kauan/src/components/CustomTable.tsx": {"path":"/home/kauan/Área de Trabalho/DNC/4 MATERIA/Code/dnc-sales-dashboard-kauan/src/components/CustomTable.tsx","statementMap":{"0":{"start":{"line":1,"column":0},"end":{"line":1,"column":38}},"1":{"start":{"line":3,"column":0},"end":{"line":3,"column":33}},"2":{"start":{"line":5,"column":21},"end":{"line":52,"column":null}},"3":{"start":{"line":39,"column":26},"end":{"line":39,"column":59}},"4":{"start":{"line":45,"column":21},"end":{"line":45,"column":49}},"5":{"start":{"line":55,"column":28},"end":{"line":55,"column":33}},"6":{"start":{"line":56,"column":2},"end":{"line":77,"column":null}},"7":{"start":{"line":62,"column":14},"end":{"line":62,"column":31}},"8":{"start":{"line":68,"column":12},"end":{"line":68,"column":null}},"9":{"start":{"line":70,"column":16},"end":{"line":70,"column":37}},"10":{"start":{"line":80,"column":0},"end":{"line":80,"column":null}}},"fnMap":{"0":{"name":"(anonymous_1)","decl":{"start":{"line":39,"column":15},"end":{"line":39,"column":16}},"loc":{"start":{"line":39,"column":26},"end":{"line":39,"column":59}}},"1":{"name":"(anonymous_2)","decl":{"start":{"line":45,"column":10},"end":{"line":45,"column":11}},"loc":{"start":{"line":45,"column":21},"end":{"line":45,"column":49}}},"2":{"name":"CustomTable","decl":{"start":{"line":54,"column":9},"end":{"line":54,"column":20}},"loc":{"start":{"line":54,"column":44},"end":{"line":78,"column":1}}},"3":{"name":"(anonymous_4)","decl":{"start":{"line":61,"column":25},"end":{"line":61,"column":26}},"loc":{"start":{"line":62,"column":14},"end":{"line":62,"column":31}}},"4":{"name":"(anonymous_5)","decl":{"start":{"line":67,"column":20},"end":{"line":67,"column":21}},"loc":{"start":{"line":68,"column":12},"end":{"line":68,"column":null}}},"5":{"name":"(anonymous_6)","decl":{"start":{"line":69,"column":23},"end":{"line":69,"column":24}},"loc":{"start":{"line":70,"column":16},"end":{"line":70,"column":37}}}},"branchMap":{},"s":{"0":1,"1":1,"2":1,"3":0,"4":0,"5":0,"6":0,"7":0,"8":0,"9":0,"10":1},"f":{"0":0,"1":0,"2":0,"3":0,"4":0,"5":0},"b":{}}
,"/home/kauan/Área de Trabalho/DNC/4 MATERIA/Code/dnc-sales-dashboard-kauan/src/components/FormComponent.tsx": {"path":"/home/kauan/Área de Trabalho/DNC/4 MATERIA/Code/dnc-sales-dashboard-kauan/src/components/FormComponent.tsx","statementMap":{"0":{"start":{"line":1,"column":0},"end":{"line":1,"column":38}},"1":{"start":{"line":2,"column":0},"end":{"line":2,"column":56}},"2":{"start":{"line":4,"column":0},"end":{"line":4,"column":33}},"3":{"start":{"line":6,"column":13},"end":{"line":10,"column":null}},"4":{"start":{"line":13,"column":39},"end":{"line":13,"column":44}},"5":{"start":{"line":14,"column":2},"end":{"line":28,"column":null}},"6":{"start":{"line":17,"column":8},"end":{"line":17,"column":37}},"7":{"start":{"line":20,"column":8},"end":{"line":20,"column":38}},"8":{"start":{"line":31,"column":0},"end":{"line":31,"column":null}}},"fnMap":{"0":{"name":"FormComponent","decl":{"start":{"line":12,"column":9},"end":{"line":12,"column":22}},"loc":{"start":{"line":12,"column":48},"end":{"line":29,"column":1}}},"1":{"name":"(anonymous_2)","decl":{"start":{"line":16,"column":18},"end":{"line":16,"column":19}},"loc":{"start":{"line":17,"column":8},"end":{"line":17,"column":37}}},"2":{"name":"(anonymous_3)","decl":{"start":{"line":19,"column":19},"end":{"line":19,"column":20}},"loc":{"start":{"line":20,"column":8},"end":{"line":20,"column":38}}}},"branchMap":{"0":{"loc":{"start":{"line":22,"column":7},"end":{"line":25,"column":null}},"type":"binary-expr","locations":[{"start":{"line":22,"column":7},"end":{"line":22,"column":14}},{"start":{"line":23,"column":8},"end":{"line":24,"column":null}}]},"1":{"loc":{"start":{"line":23,"column":29},"end":{"line":23,"column":70}},"type":"cond-expr","locations":[{"start":{"line":23,"column":55},"end":{"line":23,"column":60}},{"start":{"line":23,"column":63},"end":{"line":23,"column":70}}]}},"s":{"0":1,"1":1,"2":1,"3":1,"4":0,"5":0,"6":0,"7":0,"8":1},"f":{"0":0,"1":0,"2":0},"b":{"0":[0,0],"1":[0,0]}}
,"/home/kauan/Área de Trabalho/DNC/4 MATERIA/Code/dnc-sales-dashboard-kauan/src/components/Header.tsx": {"path":"/home/kauan/Área de Trabalho/DNC/4 MATERIA/Code/dnc-sales-dashboard-kauan/src/components/Header.tsx","statementMap":{"0":{"start":{"line":1,"column":0},"end":{"line":1,"column":38}},"1":{"start":{"line":2,"column":0},"end":{"line":2,"column":39}},"2":{"start":{"line":3,"column":0},"end":{"line":3,"column":35}},"3":{"start":{"line":4,"column":0},"end":{"line":4,"column":54}},"4":{"start":{"line":5,"column":0},"end":{"line":5,"column":33}},"5":{"start":{"line":7,"column":21},"end":{"line":12,"column":null}},"6":{"start":{"line":8,"column":33},"end":{"line":8,"column":58}},"7":{"start":{"line":9,"column":50},"end":{"line":9,"column":78}},"8":{"start":{"line":15,"column":2},"end":{"line":39,"column":null}},"9":{"start":{"line":42,"column":0},"end":{"line":42,"column":null}}},"fnMap":{"0":{"name":"(anonymous_1)","decl":{"start":{"line":8,"column":22},"end":{"line":8,"column":23}},"loc":{"start":{"line":8,"column":33},"end":{"line":8,"column":58}}},"1":{"name":"(anonymous_2)","decl":{"start":{"line":9,"column":39},"end":{"line":9,"column":40}},"loc":{"start":{"line":9,"column":50},"end":{"line":9,"column":78}}},"2":{"name":"Header","decl":{"start":{"line":14,"column":9},"end":{"line":14,"column":15}},"loc":{"start":{"line":14,"column":15},"end":{"line":40,"column":1}}}},"branchMap":{},"s":{"0":1,"1":1,"2":1,"3":1,"4":1,"5":1,"6":0,"7":0,"8":0,"9":1},"f":{"0":0,"1":0,"2":0},"b":{}}
,"/home/kauan/Área de Trabalho/DNC/4 MATERIA/Code/dnc-sales-dashboard-kauan/src/components/Logo.tsx": {"path":"/home/kauan/Área de Trabalho/DNC/4 MATERIA/Code/dnc-sales-dashboard-kauan/src/components/Logo.tsx","statementMap":{"0":{"start":{"line":1,"column":0},"end":{"line":1,"column":38}},"1":{"start":{"line":2,"column":0},"end":{"line":2,"column":33}},"2":{"start":{"line":4,"column":13},"end":{"line":9,"column":null}},"3":{"start":{"line":5,"column":38},"end":{"line":5,"column":57}},"4":{"start":{"line":7,"column":23},"end":{"line":7,"column":44}},"5":{"start":{"line":8,"column":22},"end":{"line":8,"column":42}}},"fnMap":{"0":{"name":"(anonymous_1)","decl":{"start":{"line":5,"column":27},"end":{"line":5,"column":28}},"loc":{"start":{"line":5,"column":38},"end":{"line":5,"column":57}}},"1":{"name":"(anonymous_2)","decl":{"start":{"line":7,"column":12},"end":{"line":7,"column":13}},"loc":{"start":{"line":7,"column":23},"end":{"line":7,"column":44}}},"2":{"name":"(anonymous_3)","decl":{"start":{"line":8,"column":11},"end":{"line":8,"column":12}},"loc":{"start":{"line":8,"column":22},"end":{"line":8,"column":42}}}},"branchMap":{},"s":{"0":1,"1":1,"2":1,"3":0,"4":0,"5":0},"f":{"0":0,"1":0,"2":0},"b":{}}
,"/home/kauan/Área de Trabalho/DNC/4 MATERIA/Code/dnc-sales-dashboard-kauan/src/components/StyledButton.tsx": {"path":"/home/kauan/Área de Trabalho/DNC/4 MATERIA/Code/dnc-sales-dashboard-kauan/src/components/StyledButton.tsx","statementMap":{"0":{"start":{"line":1,"column":0},"end":{"line":1,"column":38}},"1":{"start":{"line":3,"column":0},"end":{"line":3,"column":33}},"2":{"start":{"line":5,"column":13},"end":{"line":52,"column":null}},"3":{"start":{"line":18,"column":35},"end":{"line":18,"column":62}},"4":{"start":{"line":19,"column":24},"end":{"line":19,"column":56}},"5":{"start":{"line":21,"column":37},"end":{"line":21,"column":69}},"6":{"start":{"line":26,"column":35},"end":{"line":26,"column":60}},"7":{"start":{"line":27,"column":24},"end":{"line":27,"column":54}},"8":{"start":{"line":29,"column":37},"end":{"line":29,"column":67}},"9":{"start":{"line":35,"column":24},"end":{"line":35,"column":49}},"10":{"start":{"line":39,"column":26},"end":{"line":39,"column":56}},"11":{"start":{"line":44,"column":35},"end":{"line":44,"column":63}},"12":{"start":{"line":45,"column":24},"end":{"line":45,"column":57}},"13":{"start":{"line":48,"column":37},"end":{"line":48,"column":65}},"14":{"start":{"line":49,"column":26},"end":{"line":49,"column":59}}},"fnMap":{"0":{"name":"(anonymous_1)","decl":{"start":{"line":18,"column":24},"end":{"line":18,"column":25}},"loc":{"start":{"line":18,"column":35},"end":{"line":18,"column":62}}},"1":{"name":"(anonymous_2)","decl":{"start":{"line":19,"column":13},"end":{"line":19,"column":14}},"loc":{"start":{"line":19,"column":24},"end":{"line":19,"column":56}}},"2":{"name":"(anonymous_3)","decl":{"start":{"line":21,"column":26},"end":{"line":21,"column":27}},"loc":{"start":{"line":21,"column":37},"end":{"line":21,"column":69}}},"3":{"name":"(anonymous_4)","decl":{"start":{"line":26,"column":24},"end":{"line":26,"column":25}},"loc":{"start":{"line":26,"column":35},"end":{"line":26,"column":60}}},"4":{"name":"(anonymous_5)","decl":{"start":{"line":27,"column":13},"end":{"line":27,"column":14}},"loc":{"start":{"line":27,"column":24},"end":{"line":27,"column":54}}},"5":{"name":"(anonymous_6)","decl":{"start":{"line":29,"column":26},"end":{"line":29,"column":27}},"loc":{"start":{"line":29,"column":37},"end":{"line":29,"column":67}}},"6":{"name":"(anonymous_7)","decl":{"start":{"line":35,"column":13},"end":{"line":35,"column":14}},"loc":{"start":{"line":35,"column":24},"end":{"line":35,"column":49}}},"7":{"name":"(anonymous_8)","decl":{"start":{"line":39,"column":15},"end":{"line":39,"column":16}},"loc":{"start":{"line":39,"column":26},"end":{"line":39,"column":56}}},"8":{"name":"(anonymous_9)","decl":{"start":{"line":44,"column":24},"end":{"line":44,"column":25}},"loc":{"start":{"line":44,"column":35},"end":{"line":44,"column":63}}},"9":{"name":"(anonymous_10)","decl":{"start":{"line":45,"column":13},"end":{"line":45,"column":14}},"loc":{"start":{"line":45,"column":24},"end":{"line":45,"column":57}}},"10":{"name":"(anonymous_11)","decl":{"start":{"line":48,"column":26},"end":{"line":48,"column":27}},"loc":{"start":{"line":48,"column":37},"end":{"line":48,"column":65}}},"11":{"name":"(anonymous_12)","decl":{"start":{"line":49,"column":15},"end":{"line":49,"column":16}},"loc":{"start":{"line":49,"column":26},"end":{"line":49,"column":59}}}},"branchMap":{},"s":{"0":1,"1":1,"2":1,"3":0,"4":0,"5":0,"6":0,"7":0,"8":0,"9":0,"10":0,"11":0,"12":0,"13":0,"14":0},"f":{"0":0,"1":0,"2":0,"3":0,"4":0,"5":0,"6":0,"7":0,"8":0,"9":0,"10":0,"11":0},"b":{}}
,"/home/kauan/Área de Trabalho/DNC/4 MATERIA/Code/dnc-sales-dashboard-kauan/src/components/StyledInput.tsx": {"path":"/home/kauan/Área de Trabalho/DNC/4 MATERIA/Code/dnc-sales-dashboard-kauan/src/components/StyledInput.tsx","statementMap":{"0":{"start":{"line":1,"column":0},"end":{"line":1,"column":38}},"1":{"start":{"line":3,"column":0},"end":{"line":3,"column":33}},"2":{"start":{"line":5,"column":13},"end":{"line":30,"column":null}},"3":{"start":{"line":6,"column":33},"end":{"line":6,"column":61}},"4":{"start":{"line":7,"column":22},"end":{"line":7,"column":55}},"5":{"start":{"line":9,"column":43},"end":{"line":9,"column":76}},"6":{"start":{"line":20,"column":35},"end":{"line":20,"column":65}},"7":{"start":{"line":22,"column":19},"end":{"line":22,"column":60}},"8":{"start":{"line":23,"column":24},"end":{"line":23,"column":59}},"9":{"start":{"line":28,"column":24},"end":{"line":28,"column":62}}},"fnMap":{"0":{"name":"(anonymous_1)","decl":{"start":{"line":6,"column":22},"end":{"line":6,"column":23}},"loc":{"start":{"line":6,"column":33},"end":{"line":6,"column":61}}},"1":{"name":"(anonymous_2)","decl":{"start":{"line":7,"column":11},"end":{"line":7,"column":12}},"loc":{"start":{"line":7,"column":22},"end":{"line":7,"column":55}}},"2":{"name":"(anonymous_3)","decl":{"start":{"line":9,"column":32},"end":{"line":9,"column":33}},"loc":{"start":{"line":9,"column":43},"end":{"line":9,"column":76}}},"3":{"name":"(anonymous_4)","decl":{"start":{"line":20,"column":24},"end":{"line":20,"column":25}},"loc":{"start":{"line":20,"column":35},"end":{"line":20,"column":65}}},"4":{"name":"(anonymous_5)","decl":{"start":{"line":22,"column":8},"end":{"line":22,"column":9}},"loc":{"start":{"line":22,"column":19},"end":{"line":22,"column":60}}},"5":{"name":"(anonymous_6)","decl":{"start":{"line":23,"column":13},"end":{"line":23,"column":14}},"loc":{"start":{"line":23,"column":24},"end":{"line":23,"column":59}}},"6":{"name":"(anonymous_7)","decl":{"start":{"line":28,"column":13},"end":{"line":28,"column":14}},"loc":{"start":{"line":28,"column":24},"end":{"line":28,"column":62}}}},"branchMap":{},"s":{"0":1,"1":1,"2":1,"3":0,"4":0,"5":0,"6":0,"7":0,"8":0,"9":0},"f":{"0":0,"1":0,"2":0,"3":0,"4":0,"5":0,"6":0},"b":{}}
,"/home/kauan/Área de Trabalho/DNC/4 MATERIA/Code/dnc-sales-dashboard-kauan/src/components/Typographies.tsx": {"path":"/home/kauan/Área de Trabalho/DNC/4 MATERIA/Code/dnc-sales-dashboard-kauan/src/components/Typographies.tsx","statementMap":{"0":{"start":{"line":1,"column":0},"end":{"line":1,"column":38}},"1":{"start":{"line":3,"column":0},"end":{"line":3,"column":33}},"2":{"start":{"line":5,"column":13},"end":{"line":11,"column":null}},"3":{"start":{"line":6,"column":22},"end":{"line":6,"column":46}},"4":{"start":{"line":7,"column":26},"end":{"line":7,"column":51}},"5":{"start":{"line":8,"column":28},"end":{"line":8,"column":47}},"6":{"start":{"line":10,"column":28},"end":{"line":10,"column":59}},"7":{"start":{"line":13,"column":13},"end":{"line":18,"column":null}},"8":{"start":{"line":14,"column":22},"end":{"line":14,"column":46}},"9":{"start":{"line":15,"column":26},"end":{"line":15,"column":51}},"10":{"start":{"line":16,"column":28},"end":{"line":16,"column":47}},"11":{"start":{"line":17,"column":28},"end":{"line":17,"column":59}},"12":{"start":{"line":19,"column":13},"end":{"line":24,"column":null}},"13":{"start":{"line":20,"column":22},"end":{"line":20,"column":46}},"14":{"start":{"line":21,"column":26},"end":{"line":21,"column":51}},"15":{"start":{"line":22,"column":28},"end":{"line":22,"column":47}},"16":{"start":{"line":23,"column":28},"end":{"line":23,"column":59}},"17":{"start":{"line":26,"column":13},"end":{"line":31,"column":null}},"18":{"start":{"line":27,"column":22},"end":{"line":27,"column":46}},"19":{"start":{"line":28,"column":26},"end":{"line":28,"column":51}},"20":{"start":{"line":29,"column":28},"end":{"line":29,"column":47}},"21":{"start":{"line":30,"column":28},"end":{"line":30,"column":59}},"22":{"start":{"line":33,"column":13},"end":{"line":38,"column":null}},"23":{"start":{"line":34,"column":22},"end":{"line":34,"column":46}},"24":{"start":{"line":35,"column":26},"end":{"line":35,"column":51}},"25":{"start":{"line":36,"column":28},"end":{"line":36,"column":47}},"26":{"start":{"line":37,"column":28},"end":{"line":37,"column":59}},"27":{"start":{"line":40,"column":13},"end":{"line":50,"column":null}},"28":{"start":{"line":41,"column":22},"end":{"line":41,"column":46}},"29":{"start":{"line":42,"column":26},"end":{"line":42,"column":51}},"30":{"start":{"line":43,"column":28},"end":{"line":43,"column":47}},"31":{"start":{"line":44,"column":28},"end":{"line":44,"column":59}}},"fnMap":{"0":{"name":"(anonymous_1)","decl":{"start":{"line":6,"column":11},"end":{"line":6,"column":12}},"loc":{"start":{"line":6,"column":22},"end":{"line":6,"column":46}}},"1":{"name":"(anonymous_2)","decl":{"start":{"line":7,"column":15},"end":{"line":7,"column":16}},"loc":{"start":{"line":7,"column":26},"end":{"line":7,"column":51}}},"2":{"name":"(anonymous_3)","decl":{"start":{"line":8,"column":17},"end":{"line":8,"column":18}},"loc":{"start":{"line":8,"column":28},"end":{"line":8,"column":47}}},"3":{"name":"(anonymous_4)","decl":{"start":{"line":10,"column":17},"end":{"line":10,"column":18}},"loc":{"start":{"line":10,"column":28},"end":{"line":10,"column":59}}},"4":{"name":"(anonymous_5)","decl":{"start":{"line":14,"column":11},"end":{"line":14,"column":12}},"loc":{"start":{"line":14,"column":22},"end":{"line":14,"column":46}}},"5":{"name":"(anonymous_6)","decl":{"start":{"line":15,"column":15},"end":{"line":15,"column":16}},"loc":{"start":{"line":15,"column":26},"end":{"line":15,"column":51}}},"6":{"name":"(anonymous_7)","decl":{"start":{"line":16,"column":17},"end":{"line":16,"column":18}},"loc":{"start":{"line":16,"column":28},"end":{"line":16,"column":47}}},"7":{"name":"(anonymous_8)","decl":{"start":{"line":17,"column":17},"end":{"line":17,"column":18}},"loc":{"start":{"line":17,"column":28},"end":{"line":17,"column":59}}},"8":{"name":"(anonymous_9)","decl":{"start":{"line":20,"column":11},"end":{"line":20,"column":12}},"loc":{"start":{"line":20,"column":22},"end":{"line":20,"column":46}}},"9":{"name":"(anonymous_10)","decl":{"start":{"line":21,"column":15},"end":{"line":21,"column":16}},"loc":{"start":{"line":21,"column":26},"end":{"line":21,"column":51}}},"10":{"name":"(anonymous_11)","decl":{"start":{"line":22,"column":17},"end":{"line":22,"column":18}},"loc":{"start":{"line":22,"column":28},"end":{"line":22,"column":47}}},"11":{"name":"(anonymous_12)","decl":{"start":{"line":23,"column":17},"end":{"line":23,"column":18}},"loc":{"start":{"line":23,"column":28},"end":{"line":23,"column":59}}},"12":{"name":"(anonymous_13)","decl":{"start":{"line":27,"column":11},"end":{"line":27,"column":12}},"loc":{"start":{"line":27,"column":22},"end":{"line":27,"column":46}}},"13":{"name":"(anonymous_14)","decl":{"start":{"line":28,"column":15},"end":{"line":28,"column":16}},"loc":{"start":{"line":28,"column":26},"end":{"line":28,"column":51}}},"14":{"name":"(anonymous_15)","decl":{"start":{"line":29,"column":17},"end":{"line":29,"column":18}},"loc":{"start":{"line":29,"column":28},"end":{"line":29,"column":47}}},"15":{"name":"(anonymous_16)","decl":{"start":{"line":30,"column":17},"end":{"line":30,"column":18}},"loc":{"start":{"line":30,"column":28},"end":{"line":30,"column":59}}},"16":{"name":"(anonymous_17)","decl":{"start":{"line":34,"column":11},"end":{"line":34,"column":12}},"loc":{"start":{"line":34,"column":22},"end":{"line":34,"column":46}}},"17":{"name":"(anonymous_18)","decl":{"start":{"line":35,"column":15},"end":{"line":35,"column":16}},"loc":{"start":{"line":35,"column":26},"end":{"line":35,"column":51}}},"18":{"name":"(anonymous_19)","decl":{"start":{"line":36,"column":17},"end":{"line":36,"column":18}},"loc":{"start":{"line":36,"column":28},"end":{"line":36,"column":47}}},"19":{"name":"(anonymous_20)","decl":{"start":{"line":37,"column":17},"end":{"line":37,"column":18}},"loc":{"start":{"line":37,"column":28},"end":{"line":37,"column":59}}},"20":{"name":"(anonymous_21)","decl":{"start":{"line":41,"column":11},"end":{"line":41,"column":12}},"loc":{"start":{"line":41,"column":22},"end":{"line":41,"column":46}}},"21":{"name":"(anonymous_22)","decl":{"start":{"line":42,"column":15},"end":{"line":42,"column":16}},"loc":{"start":{"line":42,"column":26},"end":{"line":42,"column":51}}},"22":{"name":"(anonymous_23)","decl":{"start":{"line":43,"column":17},"end":{"line":43,"column":18}},"loc":{"start":{"line":43,"column":28},"end":{"line":43,"column":47}}},"23":{"name":"(anonymous_24)","decl":{"start":{"line":44,"column":17},"end":{"line":44,"column":18}},"loc":{"start":{"line":44,"column":28},"end":{"line":44,"column":59}}}},"branchMap":{"0":{"loc":{"start":{"line":6,"column":22},"end":{"line":6,"column":46}},"type":"binary-expr","locations":[{"start":{"line":6,"column":22},"end":{"line":6,"column":33}},{"start":{"line":6,"column":37},"end":{"line":6,"column":46}}]},"1":{"loc":{"start":{"line":7,"column":34},"end":{"line":7,"column":50}},"type":"binary-expr","locations":[{"start":{"line":7,"column":34},"end":{"line":7,"column":44}},{"start":{"line":7,"column":48},"end":{"line":7,"column":50}}]},"2":{"loc":{"start":{"line":8,"column":28},"end":{"line":8,"column":47}},"type":"binary-expr","locations":[{"start":{"line":8,"column":28},"end":{"line":8,"column":40}},{"start":{"line":8,"column":44},"end":{"line":8,"column":47}}]},"3":{"loc":{"start":{"line":10,"column":36},"end":{"line":10,"column":58}},"type":"binary-expr","locations":[{"start":{"line":10,"column":36},"end":{"line":10,"column":52}},{"start":{"line":10,"column":56},"end":{"line":10,"column":58}}]},"4":{"loc":{"start":{"line":14,"column":22},"end":{"line":14,"column":46}},"type":"binary-expr","locations":[{"start":{"line":14,"column":22},"end":{"line":14,"column":33}},{"start":{"line":14,"column":37},"end":{"line":14,"column":46}}]},"5":{"loc":{"start":{"line":15,"column":34},"end":{"line":15,"column":50}},"type":"binary-expr","locations":[{"start":{"line":15,"column":34},"end":{"line":15,"column":44}},{"start":{"line":15,"column":48},"end":{"line":15,"column":50}}]},"6":{"loc":{"start":{"line":16,"column":28},"end":{"line":16,"column":47}},"type":"binary-expr","locations":[{"start":{"line":16,"column":28},"end":{"line":16,"column":40}},{"start":{"line":16,"column":44},"end":{"line":16,"column":47}}]},"7":{"loc":{"start":{"line":17,"column":36},"end":{"line":17,"column":58}},"type":"binary-expr","locations":[{"start":{"line":17,"column":36},"end":{"line":17,"column":52}},{"start":{"line":17,"column":56},"end":{"line":17,"column":58}}]},"8":{"loc":{"start":{"line":20,"column":22},"end":{"line":20,"column":46}},"type":"binary-expr","locations":[{"start":{"line":20,"column":22},"end":{"line":20,"column":33}},{"start":{"line":20,"column":37},"end":{"line":20,"column":46}}]},"9":{"loc":{"start":{"line":21,"column":34},"end":{"line":21,"column":50}},"type":"binary-expr","locations":[{"start":{"line":21,"column":34},"end":{"line":21,"column":44}},{"start":{"line":21,"column":48},"end":{"line":21,"column":50}}]},"10":{"loc":{"start":{"line":22,"column":28},"end":{"line":22,"column":47}},"type":"binary-expr","locations":[{"start":{"line":22,"column":28},"end":{"line":22,"column":40}},{"start":{"line":22,"column":44},"end":{"line":22,"column":47}}]},"11":{"loc":{"start":{"line":23,"column":36},"end":{"line":23,"column":58}},"type":"binary-expr","locations":[{"start":{"line":23,"column":36},"end":{"line":23,"column":52}},{"start":{"line":23,"column":56},"end":{"line":23,"column":58}}]},"12":{"loc":{"start":{"line":27,"column":22},"end":{"line":27,"column":46}},"type":"binary-expr","locations":[{"start":{"line":27,"column":22},"end":{"line":27,"column":33}},{"start":{"line":27,"column":37},"end":{"line":27,"column":46}}]},"13":{"loc":{"start":{"line":28,"column":34},"end":{"line":28,"column":50}},"type":"binary-expr","locations":[{"start":{"line":28,"column":34},"end":{"line":28,"column":44}},{"start":{"line":28,"column":48},"end":{"line":28,"column":50}}]},"14":{"loc":{"start":{"line":29,"column":28},"end":{"line":29,"column":47}},"type":"binary-expr","locations":[{"start":{"line":29,"column":28},"end":{"line":29,"column":40}},{"start":{"line":29,"column":44},"end":{"line":29,"column":47}}]},"15":{"loc":{"start":{"line":30,"column":36},"end":{"line":30,"column":58}},"type":"binary-expr","locations":[{"start":{"line":30,"column":36},"end":{"line":30,"column":52}},{"start":{"line":30,"column":56},"end":{"line":30,"column":58}}]},"16":{"loc":{"start":{"line":34,"column":22},"end":{"line":34,"column":46}},"type":"binary-expr","locations":[{"start":{"line":34,"column":22},"end":{"line":34,"column":33}},{"start":{"line":34,"column":37},"end":{"line":34,"column":46}}]},"17":{"loc":{"start":{"line":35,"column":34},"end":{"line":35,"column":50}},"type":"binary-expr","locations":[{"start":{"line":35,"column":34},"end":{"line":35,"column":44}},{"start":{"line":35,"column":48},"end":{"line":35,"column":50}}]},"18":{"loc":{"start":{"line":36,"column":28},"end":{"line":36,"column":47}},"type":"binary-expr","locations":[{"start":{"line":36,"column":28},"end":{"line":36,"column":40}},{"start":{"line":36,"column":44},"end":{"line":36,"column":47}}]},"19":{"loc":{"start":{"line":37,"column":36},"end":{"line":37,"column":58}},"type":"binary-expr","locations":[{"start":{"line":37,"column":36},"end":{"line":37,"column":52}},{"start":{"line":37,"column":56},"end":{"line":37,"column":58}}]},"20":{"loc":{"start":{"line":41,"column":22},"end":{"line":41,"column":46}},"type":"binary-expr","locations":[{"start":{"line":41,"column":22},"end":{"line":41,"column":33}},{"start":{"line":41,"column":37},"end":{"line":41,"column":46}}]},"21":{"loc":{"start":{"line":42,"column":34},"end":{"line":42,"column":50}},"type":"binary-expr","locations":[{"start":{"line":42,"column":34},"end":{"line":42,"column":44}},{"start":{"line":42,"column":48},"end":{"line":42,"column":50}}]},"22":{"loc":{"start":{"line":43,"column":28},"end":{"line":43,"column":47}},"type":"binary-expr","locations":[{"start":{"line":43,"column":28},"end":{"line":43,"column":40}},{"start":{"line":43,"column":44},"end":{"line":43,"column":47}}]},"23":{"loc":{"start":{"line":44,"column":36},"end":{"line":44,"column":58}},"type":"binary-expr","locations":[{"start":{"line":44,"column":36},"end":{"line":44,"column":52}},{"start":{"line":44,"column":56},"end":{"line":44,"column":58}}]}},"s":{"0":1,"1":1,"2":1,"3":0,"4":0,"5":0,"6":0,"7":1,"8":0,"9":0,"10":0,"11":0,"12":1,"13":0,"14":0,"15":0,"16":0,"17":1,"18":0,"19":0,"20":0,"21":0,"22":1,"23":0,"24":0,"25":0,"26":0,"27":1,"28":0,"29":0,"30":0,"31":0},"f":{"0":0,"1":0,"2":0,"3":0,"4":0,"5":0,"6":0,"7":0,"8":0,"9":0,"10":0,"11":0,"12":0,"13":0,"14":0,"15":0,"16":0,"17":0,"18":0,"19":0,"20":0,"21":0,"22":0,"23":0},"b":{"0":[0,0],"1":[0,0],"2":[0,0],"3":[0,0],"4":[0,0],"5":[0,0],"6":[0,0],"7":[0,0],"8":[0,0],"9":[0,0],"10":[0,0],"11":[0,0],"12":[0,0],"13":[0,0],"14":[0,0],"15":[0,0],"16":[0,0],"17":[0,0],"18":[0,0],"19":[0,0],"20":[0,0],"21":[0,0],"22":[0,0],"23":[0,0]}}
,"/home/kauan/Área de Trabalho/DNC/4 MATERIA/Code/dnc-sales-dashboard-kauan/src/components/index.ts": {"path":"/home/kauan/Área de Trabalho/DNC/4 MATERIA/Code/dnc-sales-dashboard-kauan/src/components/index.ts","statementMap":{"0":{"start":{"line":1,"column":0},"end":{"line":1,"column":9}},"1":{"start":{"line":1,"column":9},"end":{"line":1,"column":31}},"2":{"start":{"line":2,"column":0},"end":{"line":2,"column":9}},"3":{"start":{"line":2,"column":9},"end":{"line":2,"column":31}},"4":{"start":{"line":3,"column":0},"end":{"line":3,"column":9}},"5":{"start":{"line":3,"column":9},"end":{"line":3,"column":31}},"6":{"start":{"line":4,"column":0},"end":{"line":4,"column":9}},"7":{"start":{"line":4,"column":9},"end":{"line":4,"column":33}},"8":{"start":{"line":5,"column":0},"end":{"line":5,"column":9}},"9":{"start":{"line":5,"column":9},"end":{"line":5,"column":26}},"10":{"start":{"line":6,"column":0},"end":{"line":6,"column":29}},"11":{"start":{"line":7,"column":0},"end":{"line":7,"column":31}},"12":{"start":{"line":8,"column":0},"end":{"line":8,"column":22}},"13":{"start":{"line":9,"column":0},"end":{"line":9,"column":30}},"14":{"start":{"line":10,"column":0},"end":{"line":10,"column":29}},"15":{"start":{"line":11,"column":0},"end":{"line":11,"column":30}}},"fnMap":{"0":{"name":"(anonymous_5)","decl":{"start":{"line":1,"column":9},"end":{"line":1,"column":16}},"loc":{"start":{"line":1,"column":9},"end":{"line":1,"column":31}}},"1":{"name":"(anonymous_6)","decl":{"start":{"line":2,"column":9},"end":{"line":2,"column":16}},"loc":{"start":{"line":2,"column":9},"end":{"line":2,"column":31}}},"2":{"name":"(anonymous_7)","decl":{"start":{"line":3,"column":9},"end":{"line":3,"column":16}},"loc":{"start":{"line":3,"column":9},"end":{"line":3,"column":31}}},"3":{"name":"(anonymous_8)","decl":{"start":{"line":4,"column":9},"end":{"line":4,"column":16}},"loc":{"start":{"line":4,"column":9},"end":{"line":4,"column":33}}},"4":{"name":"(anonymous_9)","decl":{"start":{"line":5,"column":9},"end":{"line":5,"column":16}},"loc":{"start":{"line":5,"column":9},"end":{"line":5,"column":26}}}},"branchMap":{},"s":{"0":1,"1":1,"2":1,"3":1,"4":1,"5":1,"6":1,"7":1,"8":1,"9":1,"10":1,"11":1,"12":1,"13":1,"14":1,"15":1},"f":{"0":0,"1":0,"2":0,"3":0,"4":0},"b":{}}
,"/home/kauan/Área de Trabalho/DNC/4 MATERIA/Code/dnc-sales-dashboard-kauan/src/styles/theme.ts": {"path":"/home/kauan/Área de Trabalho/DNC/4 MATERIA/Code/dnc-sales-dashboard-kauan/src/styles/theme.ts","statementMap":{"0":{"start":{"line":3,"column":13},"end":{"line":41,"column":null}},"1":{"start":{"line":43,"column":13},"end":{"line":81,"column":null}}},"fnMap":{},"branchMap":{},"s":{"0":1,"1":1},"f":{},"b":{}}
,"/home/kauan/Área de Trabalho/DNC/4 MATERIA/Code/dnc-sales-dashboard-kauan/src/test-utils/test-utils.tsx": {"path":"/home/kauan/Área de Trabalho/DNC/4 MATERIA/Code/dnc-sales-dashboard-kauan/src/test-utils/test-utils.tsx","statementMap":{"0":{"start":{"line":1,"column":0},"end":{"line":1,"column":34}},"1":{"start":{"line":2,"column":0},"end":{"line":2,"column":31}},"2":{"start":{"line":3,"column":0},"end":{"line":3,"column":49}},"3":{"start":{"line":4,"column":0},"end":{"line":4,"column":43}},"4":{"start":{"line":5,"column":0},"end":{"line":5,"column":62}},"5":{"start":{"line":12,"column":16},"end":{"line":14,"column":1}},"6":{"start":{"line":13,"column":2},"end":{"line":13,"column":null}},"7":{"start":{"line":16,"column":21},"end":{"line":21,"column":1}},"8":{"start":{"line":20,"column":2},"end":{"line":20,"column":null}},"9":{"start":{"line":24,"column":25},"end":{"line":24,"column":31}},"10":{"start":{"line":23,"column":0},"end":{"line":23,"column":38}}},"fnMap":{"0":{"name":"(anonymous_4)","decl":{"start":{"line":12,"column":16},"end":{"line":12,"column":17}},"loc":{"start":{"line":12,"column":47},"end":{"line":14,"column":1}}},"1":{"name":"(anonymous_5)","decl":{"start":{"line":16,"column":21},"end":{"line":16,"column":null}},"loc":{"start":{"line":19,"column":4},"end":{"line":21,"column":1}}}},"branchMap":{},"s":{"0":1,"1":1,"2":1,"3":1,"4":1,"5":1,"6":1,"7":1,"8":1,"9":1,"10":1},"f":{"0":1,"1":1},"b":{}}
,"/home/kauan/Área de Trabalho/DNC/4 MATERIA/Code/dnc-sales-dashboard-kauan/src/utils/currencyConverter.ts": {"path":"/home/kauan/Área de Trabalho/DNC/4 MATERIA/Code/dnc-sales-dashboard-kauan/src/utils/currencyConverter.ts","statementMap":{"0":{"start":{"line":6,"column":0},"end":{"line":6,"column":16}},"1":{"start":{"line":7,"column":2},"end":{"line":10,"column":null}}},"fnMap":{"0":{"name":"currencyConverter","decl":{"start":{"line":6,"column":16},"end":{"line":6,"column":33}},"loc":{"start":{"line":6,"column":47},"end":{"line":11,"column":1}}}},"branchMap":{},"s":{"0":1,"1":0},"f":{"0":0},"b":{}}
,"/home/kauan/Área de Trabalho/DNC/4 MATERIA/Code/dnc-sales-dashboard-kauan/src/utils/highlightTextConverter.ts": {"path":"/home/kauan/Área de Trabalho/DNC/4 MATERIA/Code/dnc-sales-dashboard-kauan/src/utils/highlightTextConverter.ts","statementMap":{"0":{"start":{"line":6,"column":0},"end":{"line":6,"column":16}},"1":{"start":{"line":7,"column":2},"end":{"line":16,"column":3}},"2":{"start":{"line":9,"column":6},"end":{"line":9,"column":null}},"3":{"start":{"line":11,"column":6},"end":{"line":11,"column":null}},"4":{"start":{"line":13,"column":6},"end":{"line":13,"column":null}},"5":{"start":{"line":15,"column":6},"end":{"line":15,"column":null}}},"fnMap":{"0":{"name":"highlightTextConverter","decl":{"start":{"line":6,"column":16},"end":{"line":6,"column":38}},"loc":{"start":{"line":6,"column":51},"end":{"line":17,"column":1}}}},"branchMap":{"0":{"loc":{"start":{"line":7,"column":2},"end":{"line":16,"column":3}},"type":"switch","locations":[{"start":{"line":8,"column":4},"end":{"line":9,"column":null}},{"start":{"line":10,"column":4},"end":{"line":11,"column":null}},{"start":{"line":12,"column":4},"end":{"line":13,"column":null}},{"start":{"line":14,"column":4},"end":{"line":15,"column":null}}]}},"s":{"0":1,"1":0,"2":0,"3":0,"4":0,"5":0},"f":{"0":0},"b":{"0":[0,0,0,0]}}
,"/home/kauan/Área de Trabalho/DNC/4 MATERIA/Code/dnc-sales-dashboard-kauan/src/utils/index.ts": {"path":"/home/kauan/Área de Trabalho/DNC/4 MATERIA/Code/dnc-sales-dashboard-kauan/src/utils/index.ts","statementMap":{"0":{"start":{"line":1,"column":0},"end":{"line":1,"column":35}},"1":{"start":{"line":2,"column":0},"end":{"line":2,"column":40}},"2":{"start":{"line":3,"column":0},"end":{"line":3,"column":44}},"3":{"start":{"line":4,"column":0},"end":{"line":4,"column":25}}},"fnMap":{},"branchMap":{},"s":{"0":1,"1":1,"2":1,"3":1},"f":{},"b":{}}
,"/home/kauan/Área de Trabalho/DNC/4 MATERIA/Code/dnc-sales-dashboard-kauan/src/utils/jwtExpirationDateConverter.ts": {"path":"/home/kauan/Área de Trabalho/DNC/4 MATERIA/Code/dnc-sales-dashboard-kauan/src/utils/jwtExpirationDateConverter.ts","statementMap":{"0":{"start":{"line":6,"column":0},"end":{"line":6,"column":16}},"1":{"start":{"line":7,"column":22},"end":{"line":7,"column":51}},"2":{"start":{"line":8,"column":33},"end":{"line":8,"column":50}},"3":{"start":{"line":9,"column":24},"end":{"line":9,"column":36}},"4":{"start":{"line":10,"column":30},"end":{"line":10,"column":68}},"5":{"start":{"line":11,"column":2},"end":{"line":11,"column":null}}},"fnMap":{"0":{"name":"jwtExpirationDateConverter","decl":{"start":{"line":6,"column":16},"end":{"line":6,"column":42}},"loc":{"start":{"line":6,"column":54},"end":{"line":12,"column":1}}}},"branchMap":{},"s":{"0":1,"1":0,"2":0,"3":0,"4":0,"5":0},"f":{"0":0},"b":{}}
,"/home/kauan/Área de Trabalho/DNC/4 MATERIA/Code/dnc-sales-dashboard-kauan/src/utils/pxToRem.ts": {"path":"/home/kauan/Área de Trabalho/DNC/4 MATERIA/Code/dnc-sales-dashboard-kauan/src/utils/pxToRem.ts","statementMap":{"0":{"start":{"line":6,"column":0},"end":{"line":6,"column":16}},"1":{"start":{"line":7,"column":2},"end":{"line":7,"column":null}}},"fnMap":{"0":{"name":"pxToRem","decl":{"start":{"line":6,"column":16},"end":{"line":6,"column":23}},"loc":{"start":{"line":6,"column":38},"end":{"line":8,"column":1}}}},"branchMap":{},"s":{"0":1,"1":24},"f":{"0":24},"b":{}}
}
